
SQL*Loader: Release 21.0.0.0.0 - Production on Fri Feb 11 23:17:59 2022
Version 21.3.0.0.0

Copyright (c) 1982, 2021, Oracle and/or its affiliates.  All rights reserved.

Control File:   awaria.ctl
Data File:      awaria.csv
  Bad File:     awaria.bad
  Discard File:  none specified
 
 (Allow all discards)

Number to load: ALL
Number to skip: 0
Errors allowed: 50
Bind array:     250 rows, maximum of 1048576 bytes
Continuation:    none specified
Path used:      Conventional

Table AWARIA, loaded from every logical record.
Insert option in effect for this table: INSERT
TRAILING NULLCOLS option in effect

   Column Name                  Position   Len  Term Encl Datatype
------------------------------ ---------- ----- ---- ---- ---------------------
AWARIA_ID                           FIRST     *   ,  O(") CHARACTER            
RODZAJ_AWARII                        NEXT     *   ,  O(") CHARACTER            

SQL*Loader-601: For INSERT option, table must be empty.  Error on table AWARIA
