
SQL*Loader: Release 21.0.0.0.0 - Production on Fri Feb 11 23:18:00 2022
Version 21.3.0.0.0

Copyright (c) 1982, 2021, Oracle and/or its affiliates.  All rights reserved.

Control File:   klient.ctl
Data File:      klient.csv
  Bad File:     klient.bad
  Discard File:  none specified
 
 (Allow all discards)

Number to load: ALL
Number to skip: 0
Errors allowed: 50
Bind array:     250 rows, maximum of 1048576 bytes
Continuation:    none specified
Path used:      Conventional

Table KLIENT, loaded from every logical record.
Insert option in effect for this table: INSERT
TRAILING NULLCOLS option in effect

   Column Name                  Position   Len  Term Encl Datatype
------------------------------ ---------- ----- ---- ---- ---------------------
KLIENT_ID                           FIRST     *   ,  O(") CHARACTER            
IMIE                                 NEXT     *   ,  O(") CHARACTER            
NAZWISKO                             NEXT     *   ,  O(") CHARACTER            
PESEL                                NEXT     *   ,  O(") CHARACTER            
DATA_URODZENIA                       NEXT     *   ,  O(") DATE DD.MM.YYYY      
KOD_POCZTOWY                         NEXT     *   ,  O(") CHARACTER            
PLEC                                 NEXT     *   ,  O(") CHARACTER            

SQL*Loader-601: For INSERT option, table must be empty.  Error on table KLIENT
