
SQL*Loader: Release 21.0.0.0.0 - Production on Fri Feb 11 23:18:01 2022
Version 21.3.0.0.0

Copyright (c) 1982, 2021, Oracle and/or its affiliates.  All rights reserved.

Control File:   pojazd.ctl
Data File:      pojazd.csv
  Bad File:     pojazd.bad
  Discard File:  none specified
 
 (Allow all discards)

Number to load: ALL
Number to skip: 0
Errors allowed: 50
Bind array:     250 rows, maximum of 1048576 bytes
Continuation:    none specified
Path used:      Conventional

Table POJAZD, loaded from every logical record.
Insert option in effect for this table: INSERT
TRAILING NULLCOLS option in effect

   Column Name                  Position   Len  Term Encl Datatype
------------------------------ ---------- ----- ---- ---- ---------------------
POJAZD_ID                           FIRST     *   ,  O(") CHARACTER            
MARKA                                NEXT     *   ,  O(") CHARACTER            
MODEL                                NEXT     *   ,  O(") CHARACTER            
ROK_PRODUKCJI                        NEXT     *   ,  O(") CHARACTER            
TYP_POJAZDU                          NEXT     *   ,  O(") CHARACTER            

SQL*Loader-601: For INSERT option, table must be empty.  Error on table POJAZD
